[    0.000000] Initializing cgroup subsys cpuset
[    0.000000] Initializing cgroup subsys cpu
[    0.000000] Initializing cgroup subsys cpuacct
[    0.000000] Linux version 4.4.0-210-generic (buildd@lgw01-amd64-009) (gcc version 5.4.0 20160609 (Ubuntu 5.4.0-6ubuntu1~16.04.12) ) #242-Ubuntu SMP Fri Apr 16 09:57:56 UTC 2021 (Ubuntu 4.4.0-210.242-generic 4.4.262)
[    0.000000] Command line: BOOT_IMAGE=/boot/vmlinuz-4.4.0-210-generic root=LABEL=cloudimg-rootfs ro console=tty1 console=ttyS0
[    0.000000] KERNEL supported cpus:
[    0.000000]   Intel GenuineIntel
[    0.000000]   AMD AuthenticAMD
[    0.000000]   Centaur CentaurHauls
[    0.000000] x86/fpu: xstate_offset[2]:  576, xstate_sizes[2]:  256
[    0.000000] x86/fpu: Supporting XSAVE feature 0x01: 'x87 floating point registers'
[    0.000000] x86/fpu: Supporting XSAVE feature 0x02: 'SSE registers'
[    0.000000] x86/fpu: Supporting XSAVE feature 0x04: 'AVX registers'
[    0.000000] x86/fpu: Enabled xstate features 0x7, context size is 832 bytes, using 'standard' format.
[    0.000000] e820: BIOS-provided physical RAM map:
[    0.000000] BIOS-e820: [mem 0x0000000000000000-0x000000000009fbff] usable
[    0.000000] BIOS-e820: [mem 0x000000000009fc00-0x000000000009ffff] reserved
[    0.000000] BIOS-e820: [mem 0x00000000000f0000-0x00000000000fffff] reserved
[    0.000000] BIOS-e820: [mem 0x0000000000100000-0x000000003ffeffff] usable
[    0.000000] BIOS-e820: [mem 0x000000003fff0000-0x000000003fffffff] ACPI data
[    0.000000] BIOS-e820: [mem 0x00000000fec00000-0x00000000fec00fff] reserved
[    0.000000] BIOS-e820: [mem 0x00000000fee00000-0x00000000fee00fff] reserved
[    0.000000] BIOS-e820: [mem 0x00000000fffc0000-0x00000000ffffffff] reserved
[    0.000000] NX (Execute Disable) protection: active
[    0.000000] SMBIOS 2.5 present.
[    0.000000] Hypervisor detected: KVM
[    0.000000] Kernel/User page tables isolation: disabled
[    0.000000] e820: last_pfn = 0x3fff0 max_arch_pfn = 0x400000000
[    0.000000] x86/PAT: Configuration [0-7]: WB  WC  UC- UC  WB  WC  UC- WT  
[    0.000000] CPU MTRRs all blank - virtualized system.
[    0.000000] found SMP MP-table at [mem 0x0009fbf0-0x0009fbff] mapped at [ffff88000009fbf0]
[    0.000000] Scanning 1 areas for low memory corruption
[    0.000000] RAMDISK: [mem 0x362dc000-0x37165fff]
[    0.000000] ACPI: Early table checksum verification disabled
[    0.000000] ACPI: RSDP 0x00000000000E0000 000024 (v02 VBOX  )
[    0.000000] ACPI: XSDT 0x000000003FFF0030 00003C (v01 VBOX   VBOXXSDT 00000001 ASL  00000061)
[    0.000000] ACPI: FACP 0x000000003FFF00F0 0000F4 (v04 VBOX   VBOXFACP 00000001 ASL  00000061)
[    0.000000] ACPI: DSDT 0x000000003FFF0610 002353 (v02 VBOX   VBOXBIOS 00000002 INTL 20100528)
[    0.000000] ACPI: FACS 0x000000003FFF0200 000040
[    0.000000] ACPI: FACS 0x000000003FFF0200 000040
[    0.000000] ACPI: APIC 0x000000003FFF0240 000054 (v02 VBOX   VBOXAPIC 00000001 ASL  00000061)
[    0.000000] ACPI: SSDT 0x000000003FFF02A0 00036C (v01 VBOX   VBOXCPUT 00000002 INTL 20100528)
[    0.000000] No NUMA configuration found
[    0.000000] Faking a node at [mem 0x0000000000000000-0x000000003ffeffff]
[    0.000000] NODE_DATA(0) allocated [mem 0x3ffeb000-0x3ffeffff]
[    0.000000] kvm-clock: Using msrs 4b564d01 and 4b564d00
[    0.000000] kvm-clock: cpu 0, msr 0:3ffe3001, primary cpu clock
[    0.000000] kvm-clock: using sched offset of 6519746366 cycles
[    0.000000] clocksource: kvm-clock: mask: 0xffffffffffffffff max_cycles: 0x1cd42e4dffb, max_idle_ns: 881590591483 ns
[    0.000000] Zone ranges:
[    0.000000]   DMA      [mem 0x0000000000001000-0x0000000000ffffff]
[    0.000000]   DMA32    [mem 0x0000000001000000-0x000000003ffeffff]
[    0.000000]   Normal   empty
[    0.000000]   Device   empty
[    0.000000] Movable zone start for each node
[    0.000000] Early memory node ranges
[    0.000000]   node   0: [mem 0x0000000000001000-0x000000000009efff]
[    0.000000]   node   0: [mem 0x0000000000100000-0x000000003ffeffff]
[    0.000000] Initmem setup node 0 [mem 0x0000000000001000-0x000000003ffeffff]
[    0.000000] ACPI: PM-Timer IO Port: 0x4008
[    0.000000] IOAPIC[0]: apic_id 1, version 32, address 0xfec00000, GSI 0-23
[    0.000000] ACPI: INT_SRC_OVR (bus 0 bus_irq 0 global_irq 2 dfl dfl)
[    0.000000] ACPI: INT_SRC_OVR (bus 0 bus_irq 9 global_irq 9 low level)
[    0.000000] Using ACPI (MADT) for SMP configuration information
[    0.000000] smpboot: Allowing 1 CPUs, 0 hotplug CPUs
[    0.000000] PM: Registered nosave memory: [mem 0x00000000-0x00000fff]
[    0.000000] PM: Registered nosave memory: [mem 0x0009f000-0x0009ffff]
[    0.000000] PM: Registered nosave memory: [mem 0x000a0000-0x000effff]
[    0.000000] PM: Registered nosave memory: [mem 0x000f0000-0x000fffff]
[    0.000000] e820: [mem 0x40000000-0xfebfffff] available for PCI devices
[    0.000000] Booting paravirtualized kernel on KVM
[    0.000000] clocksource: refined-jiffies: mask: 0xffffffff max_cycles: 0xffffffff, max_idle_ns: 7645519600211568 ns
[    0.000000] setup_percpu: NR_CPUS:512 nr_cpumask_bits:512 nr_cpu_ids:1 nr_node_ids:1
[    0.000000] PERCPU: Embedded 33 pages/cpu @ffff88003fc00000 s95192 r8192 d31784 u2097152
[    0.000000] Built 1 zonelists in Node order, mobility grouping on.  Total pages: 257912
[    0.000000] Policy zone: DMA32
[    0.000000] Kernel command line: BOOT_IMAGE=/boot/vmlinuz-4.4.0-210-generic root=LABEL=cloudimg-rootfs ro console=tty1 console=ttyS0
[    0.000000] PID hash table entries: 4096 (order: 3, 32768 bytes)
[    0.000000] Memory: 997924K/1048120K available (8644K kernel code, 1332K rwdata, 4044K rodata, 1492K init, 1164K bss, 50196K reserved, 0K cma-reserved)
[    0.000000] SLUB: HWalign=64, Order=0-3, MinObjects=0, CPUs=1, Nodes=1
[    0.000000] Hierarchical RCU implementation.
[    0.000000] 	Build-time adjustment of leaf fanout to 64.
[    0.000000] 	RCU restricting CPUs from NR_CPUS=512 to nr_cpu_ids=1.
[    0.000000] RCU: Adjusting geometry for rcu_fanout_leaf=64, nr_cpu_ids=1
[    0.000000] NR_IRQS:33024 nr_irqs:256 16
[    0.000000] Console: colour VGA+ 80x25
[    0.000000] console [tty1] enabled
[    0.000000] console [ttyS0] enabled
[    0.000000] tsc: Detected 2112.006 MHz processor
[    1.297240] Calibrating delay loop (skipped) preset value.. 4224.01 BogoMIPS (lpj=8448024)
[    1.316148] pid_max: default: 32768 minimum: 301
[    1.325843] ACPI: Core revision 20150930
[    1.337952] ACPI: 2 ACPI AML tables successfully acquired and loaded
[    1.355585] Security Framework initialized
[    1.367285] Yama: becoming mindful.
[    1.375955] AppArmor: AppArmor initialized
[    1.387082] Dentry cache hash table entries: 131072 (order: 8, 1048576 bytes)
[    1.418445] Inode-cache hash table entries: 65536 (order: 7, 524288 bytes)
[    1.446079] Mount-cache hash table entries: 2048 (order: 2, 16384 bytes)
[    1.464911] Mountpoint-cache hash table entries: 2048 (order: 2, 16384 bytes)
[    1.485324] Initializing cgroup subsys io
[    1.496824] Initializing cgroup subsys memory
[    1.508775] Initializing cgroup subsys devices
[    1.525539] Initializing cgroup subsys freezer
[    1.539247] Initializing cgroup subsys net_cls
[    1.550720] Initializing cgroup subsys perf_event
[    1.565956] Initializing cgroup subsys net_prio
[    1.583622] Initializing cgroup subsys hugetlb
[    1.603034] Initializing cgroup subsys pids
[    1.649711] mce: CPU supports 0 MCE banks
[    1.669273] Last level iTLB entries: 4KB 64, 2MB 8, 4MB 8
[    1.700609] Last level dTLB entries: 4KB 64, 2MB 0, 4MB 0, 1GB 4
[    1.725392] Spectre V1 : Mitigation: usercopy/swapgs barriers and __user pointer sanitization
[    1.758265] Spectre V2 : Mitigation: Enhanced IBRS
[    1.773944] Spectre V2 : Spectre v2 / SpectreRSB mitigation: Filling RSB on context switch
[    1.802210] Speculative Store Bypass: Vulnerable
[    1.818611] SRBDS: Mitigation: TSX disabled
[    2.783713] Freeing SMP alternatives memory: 36K
[    3.173721] ftrace: allocating 32380 entries in 127 pages
[    5.923415] smpboot: APIC(0) Converting physical 0 to logical package 0
[    5.946959] smpboot: Max logical packages: 1
[    6.019889] ..TIMER: vector=0x30 apic1=0 pin1=2 apic2=-1 pin2=-1
[    6.149351] smpboot: CPU0: Intel(R) Core(TM) i5-10210U CPU @ 1.60GHz (family: 0x6, model: 0x8e, stepping: 0xc)
[    6.177097] Performance Events: unsupported p6 CPU model 142 no PMU driver, software events only.
[    6.513536] KVM setup paravirtual spinlock
[    6.526757] x86: Booted up 1 node, 1 CPUs
[    6.542072] smpboot: Total of 1 processors activated (4224.01 BogoMIPS)
[    6.568083] devtmpfs: initialized
[    6.581288] evm: security.selinux
[    6.593717] evm: security.SMACK64
[    6.603422] evm: security.SMACK64EXEC
[    6.614762] evm: security.SMACK64TRANSMUTE
[    6.632874] evm: security.SMACK64MMAP
[    6.643200] evm: security.ima
[    6.651783] evm: security.capability
[    6.661736] clocksource: jiffies: mask: 0xffffffff max_cycles: 0xffffffff, max_idle_ns: 7645041785100000 ns
[    6.684685] futex hash table entries: 256 (order: 2, 16384 bytes)
[    6.698844] pinctrl core: initialized pinctrl subsystem
[    6.711997] RTC time:  9:08:11, date: 09/21/25
[    6.725023] NET: Registered protocol family 16
[    6.736019] cpuidle: using governor ladder
[    6.745706] cpuidle: using governor menu
[    6.754940] PCCT header not found.
[    6.762844] ACPI: bus type PCI registered
[    6.772149] acpiphp: ACPI Hot Plug PCI Controller Driver version: 0.5
[    6.787041] PCI: Using configuration type 1 for base access
[    6.804883] ACPI: Added _OSI(Module Device)
[    6.815510] ACPI: Added _OSI(Processor Device)
[    6.826655] ACPI: Added _OSI(3.0 _SCP Extensions)
[    6.838185] ACPI: Added _OSI(Processor Aggregator Device)
[    6.854713] ACPI: Executed 1 blocks of module-level executable AML code
[    6.881887] ACPI: Interpreter enabled
[    6.890741] ACPI: (supports S0 S5)
[    6.898349] ACPI: Using IOAPIC for interrupt routing
[    6.912936] PCI: Using host bridge windows from ACPI; if necessary, use "pci=nocrs" and report a bug
[    6.948091] ACPI: PCI Root Bridge [PCI0] (domain 0000 [bus 00-ff])
[    6.964136] acpi PNP0A03:00: _OSC: OS supports [ASPM ClockPM Segments MSI]
[    6.979896] acpi PNP0A03:00: _OSC: not requesting OS control; OS requires [ExtendedConfig ASPM ClockPM MSI]
[    7.002093] acpi PNP0A03:00: fail to add MMCONFIG information, can't access extended PCI configuration space under this bridge.
[    7.027938] PCI host bridge to bus 0000:00
[    7.037511] pci_bus 0000:00: root bus resource [io  0x0000-0x0cf7 window]
[    7.051543] pci_bus 0000:00: root bus resource [io  0x0d00-0xffff window]
[    7.066293] pci_bus 0000:00: root bus resource [mem 0x000a0000-0x000bffff window]
[    7.089932] pci_bus 0000:00: root bus resource [mem 0x40000000-0xfdffffff window]
[    7.110412] pci_bus 0000:00: root bus resource [bus 00-ff]
[    7.143382] pci 0000:00:01.1: legacy IDE quirk: reg 0x10: [io  0x01f0-0x01f7]
[    7.164172] pci 0000:00:01.1: legacy IDE quirk: reg 0x14: [io  0x03f6]
[    7.181899] pci 0000:00:01.1: legacy IDE quirk: reg 0x18: [io  0x0170-0x0177]
[    7.199843] pci 0000:00:01.1: legacy IDE quirk: reg 0x1c: [io  0x0376]
[    7.262875] pci 0000:00:07.0: quirk: [io  0x4000-0x403f] claimed by PIIX4 ACPI
[    7.278372] pci 0000:00:07.0: quirk: [io  0x4100-0x410f] claimed by PIIX4 SMB
[    7.317560] ACPI: PCI Interrupt Link [LNKA] (IRQs 5 9 10 *11)
[    7.334323] ACPI: PCI Interrupt Link [LNKB] (IRQs 5 9 *10 11)
[    7.351205] ACPI: PCI Interrupt Link [LNKC] (IRQs 5 *9 10 11)
[    7.407803] ACPI: PCI Interrupt Link [LNKD] (IRQs 5 9 10 *11)
[    7.427272] ACPI: Enabled 2 GPEs in block 00 to 07
[    7.439240] vgaarb: setting as boot device: PCI:0000:00:02.0
[    7.453023] vgaarb: device added: PCI:0000:00:02.0,decodes=io+mem,owns=io+mem,locks=none
[    7.470328] vgaarb: loaded
[    7.476424] vgaarb: bridge control possible 0000:00:02.0
[    7.489372] SCSI subsystem initialized
[    7.498308] ACPI: bus type USB registered
[    7.507387] usbcore: registered new interface driver usbfs
[    7.519179] usbcore: registered new interface driver hub
[    7.530519] usbcore: registered new device driver usb
[    7.542478] PCI: Using ACPI for IRQ routing
[    7.553442] NetLabel: Initializing
[    7.561112] NetLabel:  domain hash size = 128
[    7.571157] NetLabel:  protocols = UNLABELED CIPSOv4
[    7.583211] NetLabel:  unlabeled traffic allowed by default
[    7.596396] amd_nb: Cannot enumerate AMD northbridges
[    7.607158] clocksource: Switched to clocksource kvm-clock
[    7.709768] AppArmor: AppArmor Filesystem Enabled
[    7.718939] pnp: PnP ACPI init
[    7.729179] pnp: PnP ACPI: found 3 devices
[    7.748086] clocksource: acpi_pm: mask: 0xffffff max_cycles: 0xffffff, max_idle_ns: 2085701024 ns
[    7.765160] NET: Registered protocol family 2
[    7.776535] TCP established hash table entries: 8192 (order: 4, 65536 bytes)
[    7.793066] TCP bind hash table entries: 8192 (order: 5, 131072 bytes)
[    7.805841] TCP: Hash tables configured (established 8192 bind 8192)
[    7.821281] UDP hash table entries: 512 (order: 2, 16384 bytes)
[    7.835188] UDP-Lite hash table entries: 512 (order: 2, 16384 bytes)
[    7.848723] NET: Registered protocol family 1
[    7.857653] pci 0000:00:00.0: Limiting direct PCI/PCI transfers
[    7.871974] pci 0000:00:01.0: Activating ISA DMA hang workarounds
[    7.885943] Unpacking initramfs...
[    8.744932] Freeing initrd memory: 14888K
[    8.755577] clocksource: tsc: mask: 0xffffffffffffffff max_cycles: 0x1e717e40680, max_idle_ns: 440795297614 ns
[    8.777403] platform rtc_cmos: registered platform RTC device (no PNP device found)
[    8.795241] Scanning for low memory corruption every 60 seconds
[    8.808846] audit: initializing netlink subsys (disabled)
[    8.821276] audit: type=2000 audit(1758445696.140:1): initialized
[    8.838221] Initialise system trusted keyring
[    8.848378] HugeTLB registered 2 MB page size, pre-allocated 0 pages
[    8.866033] zbud: loaded
[    8.872679] VFS: Disk quotas dquot_6.6.0
[    8.883190] VFS: Dquot-cache hash table entries: 512 (order 0, 4096 bytes)
[    8.898601] squashfs: version 4.0 (2009/01/31) Phillip Lougher
[    8.912476] fuse init (API version 7.23)
[    8.921600] Key type big_key registered
[    8.929933] Allocating IMA MOK and blacklist keyrings.
[    8.945487] Key type asymmetric registered
[    8.958044] Asymmetric key parser 'x509' registered
[    8.969212] Block layer SCSI generic (bsg) driver version 0.4 loaded (major 249)
[    8.985425] io scheduler noop registered
[    8.994088] io scheduler deadline registered (default)
[    9.005442] io scheduler cfq registered
[    9.014892] pci_hotplug: PCI Hot Plug PCI Core version: 0.5
[    9.026923] pciehp: PCI Express Hot Plug Controller Driver version: 0.4
[    9.041825] ACPI: AC Adapter [AC] (on-line)
[    9.050727] input: Power Button as /devices/LNXSYSTM:00/LNXPWRBN:00/input/input0
[    9.067040] ACPI: Power Button [PWRF]
[    9.075582] input: Sleep Button as /devices/LNXSYSTM:00/LNXSLPBN:00/input/input1
[    9.091786] ACPI: Sleep Button [SLPF]
[    9.103618] GHES: HEST is not enabled!
[    9.112511] ACPI: Battery Slot [BAT0] (battery present)
[    9.124719] Serial: 8250/16550 driver, 32 ports, IRQ sharing enabled
[    9.195857] 00:02: ttyS0 at I/O 0x3f8 (irq = 4, base_baud = 115200) is a 16550A
[    9.216896] Linux agpgart interface v0.103
[    9.248110] loop: module loaded
[    9.260848] scsi host0: ata_piix
[    9.270982] scsi host1: ata_piix
[    9.286794] ata1: PATA max UDMA/33 cmd 0x1f0 ctl 0x3f6 bmdma 0xd000 irq 14
[    9.305538] ata2: PATA max UDMA/33 cmd 0x170 ctl 0x376 bmdma 0xd008 irq 15
[    9.333925] libphy: Fixed MDIO Bus: probed
[    9.345283] tun: Universal TUN/TAP device driver, 1.6
[    9.361650] tun: (C) 1999-2004 Max Krasnyansky <maxk@qualcomm.com>
[    9.379431] PPP generic driver version 2.4.2
[    9.392660] ehci_hcd: USB 2.0 'Enhanced' Host Controller (EHCI) Driver
[    9.410703] ehci-pci: EHCI PCI platform driver
[    9.422702] ehci-platform: EHCI generic platform driver
[    9.434616] ohci_hcd: USB 1.1 'Open' Host Controller (OHCI) Driver
[    9.448452] ohci-pci: OHCI PCI platform driver
[    9.458922] ohci-platform: OHCI generic platform driver
[    9.471484] uhci_hcd: USB Universal Host Controller Interface driver
[    9.595249] i8042: PNP: PS/2 Controller [PNP0303:PS2K,PNP0f03:PS2M] at 0x60,0x64 irq 1,12
[    9.624652] serio: i8042 KBD port at 0x60,0x64 irq 1
[    9.637609] serio: i8042 AUX port at 0x60,0x64 irq 12
[    9.653277] mousedev: PS/2 mouse device common for all mice
[    9.681179] input: AT Translated Set 2 keyboard as /devices/platform/i8042/serio0/input/input2
[    9.712566] rtc_cmos rtc_cmos: rtc core: registered rtc_cmos as rtc0
[    9.736277] rtc_cmos rtc_cmos: alarms up to one day, 114 bytes nvram
[    9.760479] i2c /dev entries driver
[    9.773613] device-mapper: uevent: version 1.0.3
[    9.792830] device-mapper: ioctl: 4.34.0-ioctl (2015-10-28) initialised: dm-devel@redhat.com
[    9.822095] ledtrig-cpu: registered to indicate activity on CPUs
[    9.843880] NET: Registered protocol family 10
[    9.886462] NET: Registered protocol family 17
[    9.902910] Key type dns_resolver registered
[    9.917766] registered taskstats version 1
[    9.931583] Loading compiled-in X.509 certificates
[    9.948195] Loaded X.509 cert 'Build time autogenerated kernel key: cf00e047681d67edb2720680708b7d9498083038'
[    9.980407] zswap: loaded using pool lzo/zbud
[   10.005176] Key type trusted registered
[   10.035287] Key type encrypted registered
[   10.048269] AppArmor: AppArmor sha1 policy hashing enabled
[   10.066261] ima: No TPM chip found, activating TPM-bypass!
[   10.084515] ima: Allocated hash algorithm: sha1
[   10.099374] evm: HMAC attrs: 0x1
[   10.113304]   Magic number: 9:614:121
[   10.127161] rtc_cmos rtc_cmos: setting system clock to 2025-09-21 09:08:14 UTC (1758445694)
[   10.153707] BIOS EDD facility v0.16 2004-Jun-25, 0 devices found
[   10.171899] EDD information not available.
[   10.191438] Freeing unused kernel memory: 1492K
[   10.205830] Write protecting the kernel read-only data: 14336k
[   10.224195] Freeing unused kernel memory: 1584K
[   10.238603] Freeing unused kernel memory: 52K
Loading, please wait...
starting version 229
[   10.308614] random: systemd-udevd: uninitialized urandom read (16 bytes read, 14 bits of entropy available)
[   10.340605] random: udevadm: uninitialized urandom read (16 bytes read, 14 bits of entropy available)
[   10.369065] random: systemd-udevd: uninitialized urandom read (16 bytes read, 14 bits of entropy available)
[   10.412882] random: udevadm: uninitialized urandom read (16 bytes read, 14 bits of entropy available)
[   10.454608] random: systemd-udevd: uninitialized urandom read (16 bytes read, 14 bits of entropy available)
[   10.515614] random: systemd-udevd: uninitialized urandom read (16 bytes read, 14 bits of entropy available)
[   10.550271] random: udevadm: uninitialized urandom read (16 bytes read, 14 bits of entropy available)
[   10.583482] random: systemd-udevd: uninitialized urandom read (16 bytes read, 14 bits of entropy available)
[   10.622666] random: udevadm: uninitialized urandom read (16 bytes read, 14 bits of entropy available)
[   10.654027] random: udevadm: uninitialized urandom read (16 bytes read, 14 bits of entropy available)
[   11.093129] Fusion MPT base driver 3.04.20
[   11.105977] Copyright (c) 1999-2008 LSI Corporation
[   11.237370] AVX2 version of gcm_enc/dec engaged.
[   11.252480] AES CTR mode by8 optimization enabled
[   11.276606] e1000: Intel(R) PRO/1000 Network Driver - version 7.3.21-k8-NAPI
[   11.296867] e1000: Copyright (c) 1999-2006 Intel Corporation.
[   11.373225] Fusion MPT SPI Host driver 3.04.20
[   11.391944] mptbase: ioc0: Initiating bringup
[   11.489769] ioc0: LSI53C1030 A0: Capabilities={Initiator}
[   11.631775] input: ImExPS/2 Generic Explorer Mouse as /devices/platform/i8042/serio1/input/input4
[   11.789142] scsi host2: ioc0: LSI53C1030 A0, FwRev=00000000h, Ports=1, MaxQ=256, IRQ=20
[   11.952398] scsi 2:0:0:0: Direct-Access     VBOX     HARDDISK         1.0  PQ: 0 ANSI: 5
[   11.990576] scsi target2:0:0: Beginning Domain Validation
[   12.068485] scsi target2:0:0: Domain Validation skipping write tests
[   12.086651] scsi target2:0:0: Ending Domain Validation
[   12.138627] scsi target2:0:0: asynchronous
[   12.176025] scsi 2:0:1:0: Direct-Access     VBOX     HARDDISK         1.0  PQ: 0 ANSI: 5
[   12.241665] scsi target2:0:1: Beginning Domain Validation
[   12.350790] scsi target2:0:1: Domain Validation skipping write tests
[   12.370565] scsi target2:0:1: Ending Domain Validation
[   12.406793] scsi target2:0:1: asynchronous
[   12.682541] sd 2:0:0:0: [sda] 83886080 512-byte logical blocks: (42.9 GB/40.0 GiB)
[   12.703566] sd 2:0:0:0: Attached scsi generic sg0 type 0
[   12.742399] sd 2:0:1:0: [sdb] 20480 512-byte logical blocks: (10.5 MB/10.0 MiB)
[   12.766465] sd 2:0:1:0: Attached scsi generic sg1 type 0
[   12.786157] sd 2:0:0:0: [sda] Write Protect is off
[   12.821166] sd 2:0:1:0: [sdb] Write Protect is off
[   12.840947] sd 2:0:0:0: [sda] Write cache: enabled, read cache: enabled, supports DPO and FUA
[   12.903699] sd 2:0:1:0: [sdb] Write cache: enabled, read cache: enabled, supports DPO and FUA
[   12.957516]  sda: sda1
[   12.993378] sd 2:0:0:0: [sda] Attached SCSI disk
[   13.101495] sd 2:0:1:0: [sdb] Attached SCSI disk
[   14.035985] e1000 0000:00:03.0 eth0: (PCI:33MHz:32-bit) 02:be:82:6b:cc:1d
[   14.058998] e1000 0000:00:03.0 eth0: Intel(R) PRO/1000 Network Connection
[   15.726391] e1000 0000:00:08.0 eth1: (PCI:33MHz:32-bit) 08:00:27:04:2a:95
[   15.747396] e1000 0000:00:08.0 eth1: Intel(R) PRO/1000 Network Connection
[   15.770096] e1000 0000:00:08.0 enp0s8: renamed from eth1
[   15.788791] e1000 0000:00:03.0 enp0s3: renamed from eth0
Begin: Loading essential drivers ... [   17.686378] md: linear personality registered for level -1
[   17.711670] md: multipath personality registered for level -4
[   17.738756] md: raid0 personality registered for level 0
[   17.801292] md: raid1 personality registered for level 1
[   17.903411] raid6: sse2x1   gen()  3120 MB/s
[   17.995338] raid6: sse2x1   xor()  2817 MB/s
[   18.079944] raid6: sse2x2   gen()  4319 MB/s
[   18.164341] raid6: sse2x2   xor()  3847 MB/s
[   18.272698] raid6: sse2x4   gen()  3200 MB/s
[   18.379636] raid6: sse2x4   xor()  1425 MB/s
[   18.477009] raid6: avx2x1   gen()  9541 MB/s
[   18.561422] raid6: avx2x2   gen()  4580 MB/s
[   18.655304] raid6: avx2x4   gen()  8582 MB/s
[   18.686345] raid6: using algorithm avx2x1 gen() 9541 MB/s
[   18.715766] raid6: using avx2x2 recovery algorithm
[   18.751189] xor: automatically using best checksumming function:
[   18.883644]    avx       : 31330.000 MB/sec
[   18.905826] async_tx: api initialized (async)
[   19.045331] md: raid6 personality registered for level 6
[   19.065184] md: raid5 personality registered for level 5
[   19.087388] md: raid4 personality registered for level 4
[   19.161533] md: raid10 personality registered for level 10
done.
Begin: Running /scripts/init-premount ... done.
Begin: Mounting root file system ... Begin: Running /scripts/local-top ... done.
Begin: Running /scripts/local-premount ... [   19.557176] Btrfs loaded
Scanning for Btrfs filesystems
done.
Warning: fsck not present, so skipping root file system
[   19.775831] EXT4-fs (sda1): mounted filesystem with ordered data mode. Opts: (null)
done.
Begin: Running /scripts/local-bottom ... done.
Begin: Running /scripts/init-bottom ... done.
[   20.013674] random: nonblocking pool is initialized
[   20.296712] systemd[1]: systemd 229 running in system mode. (+PAM +AUDIT +SELINUX +IMA +APPARMOR +SMACK +SYSVINIT +UTMP +LIBCRYPTSETUP +GCRYPT +GNUTLS +ACL +XZ -LZ4 +SECCOMP +BLKID +ELFUTILS +KMOD -IDN)
[   20.353353] systemd[1]: Detected virtualization oracle.
[   20.370829] systemd[1]: Detected architecture x86-64.

Welcome to [1mUbuntu 16.04.7 LTS[0m!

[   20.424001] systemd[1]: Set hostname to <ubuntu>.
[   20.459624] systemd[1]: Initializing machine ID from random generator.
[   20.484767] systemd[1]: Installed transient /etc/machine-id file.
[   21.248003] systemd[1]: Listening on Syslog Socket.
[[0;32m  OK  [0m] Listening on Syslog Socket.
[   21.289147] systemd[1]: Created slice System Slice.
[[0;32m  OK  [0m] Created slice System Slice.
[   21.322463] systemd[1]: Listening on Journal Audit Socket.
[[0;32m  OK  [0m] Listening on Journal Audit Socket.
[   21.368301] systemd[1]: Listening on udev Kernel Socket.
[[0;32m  OK  [0m] Listening on udev Kernel Socket.
[   21.402517] systemd[1]: Reached target User and Group Name Lookups.
[[0;32m  OK  [0m] Reached target User and Group Name Lookups.
[   21.438704] systemd[1]: Set up automount Arbitrary Executable File Formats File System Automount Point.
[[0;32m  OK  [0m] Set up automount Arbitrary Executab...ats File System Automount Point.
[   21.484635] systemd[1]: Listening on udev Control Socket.
[[0;32m  OK  [0m] Listening on udev Control Socket.
[   21.518641] systemd[1]: Listening on LVM2 poll daemon socket.
[[0;32m  OK  [0m] Listening on LVM2 poll daemon socket.
[   21.554105] systemd[1]: Listening on /dev/initctl Compatibility Named Pipe.
[[0;32m  OK  [0m] Listening on /dev/initctl Compatibility Named Pipe.
[   21.595915] systemd[1]: Reached target Swap.
[[0;32m  OK  [0m] Reached target Swap.
[   21.626587] systemd[1]: Started Forward Password Requests to Wall Directory Watch.
[[0;32m  OK  [0m] Started Forward Password Requests to Wall Directory Watch.
[   21.667729] systemd[1]: Reached target System Time Synchronized.
[[0;32m  OK  [0m] Reached target System Time Synchronized.
[   21.712899] systemd[1]: Listening on Journal Socket.
[[0;32m  OK  [0m] Listening on Journal Socket.
[   21.768456] systemd[1]: Starting Create list of required static device nodes for the current kernel...
         Starting Create list of required st... nodes for the current kernel...
[   21.865070] systemd[1]: Starting Load Kernel Modules...
         Starting Load Kernel Modules...
[   21.942668] systemd[1]: Mounting Debug File System...
         Mounting Debug File System...
[   22.032168] systemd[1]: Starting Nameserver information manager...
[   22.138348] Loading iSCSI transport class v2.0-870.
         Starting Nameserver information manager...
[   22.210573] iscsi: registered transport (tcp)
[   22.231683] systemd[1]: Mounting Huge Pages File System...
         Mounting Huge Pages File System...
[   22.318217] systemd[1]: Mounting POSIX Message Queue File System...
         Mounting POSIX Message Queue File System...
[   22.499564] systemd[1]: Reached target Encrypted Volumes.
[[0;32m  OK  [0m] Reached target Encrypted Volumes.
[   22.570365] systemd[1]: Created slice system-serial\x2dgetty.slice.
[[0;32m  OK  [0m] Created slice system-serial\x2dgetty.slice.
[   22.645424] systemd[1]: Listening on LVM2 metadata daemon socket.
[[0;32m  OK  [0m] Listening on LVM2 metadata daemon socket.
[   22.718585] systemd[1]: Starting Set console keymap...
         Starting Set console keymap...
[   22.778156] iscsi: registered transport (iser)
[   22.796922] systemd[1]: Starting Uncomplicated firewall...
         Starting Uncomplicated firewall...
[   22.899818] systemd[1]: Started Trigger resolvconf update for networkd DNS.
[[0;32m  OK  [0m] Started Trigger resolvconf update for networkd DNS.
[   23.011684] systemd[1]: Created slice User and Session Slice.
[[0;32m  OK  [0m] Created slice User and Session Slice.
[   23.077637] systemd[1]: Reached target Slices.
[[0;32m  OK  [0m] Reached target Slices.
[   23.124838] systemd[1]: Listening on Device-mapper event daemon FIFOs.
[[0;32m  OK  [0m] Listening on Device-mapper event daemon FIFOs.
[   23.193545] systemd[1]: Starting Monitoring of LVM2 mirrors, snapshots etc. using dmeventd or progress polling...
         Starting Monitoring of LVM2 mirrors... dmeventd or progress polling...
[   23.300524] systemd[1]: Listening on Journal Socket (/dev/log).
[[0;32m  OK  [0m] Listening on Journal Socket (/dev/log).
[   23.350433] systemd[1]: Starting Journal Service...
         Starting Journal Service...
[   23.448801] systemd[1]: Listening on fsck to fsckd communication Socket.
[[0;32m  OK  [0m] Listening on fsck to fsckd communication Socket.
[   23.524961] systemd[1]: Starting File System Check on Root Device...
         Starting File System Check on Root Device...
[   23.615228] systemd[1]: Mounted Huge Pages File System.
[[0;32m  OK  [0m] Mounted Huge Pages File System.
[   23.709575] systemd[1]: Mounted POSIX Message Queue File System.
[[0;32m  OK  [0m] Mounted POSIX Message Queue File System.
[   23.773603] systemd[1]: Mounted Debug File System.
[[0;32m  OK  [0m] Mounted Debug File System.
[   23.816518] systemd[1]: Started Journal Service.
[[0;32m  OK  [0m] Started Journal Service.
[[0;32m  OK  [0m] Started Create list of required sta...ce nodes for the current kernel.
[[0;32m  OK  [0m] Started Load Kernel Modules.
[[0;32m  OK  [0m] Started Set console keymap.
[[0;32m  OK  [0m] Started Uncomplicated firewall.
[[0;32m  OK  [0m] Started File System Check on Root Device.
[[0;32m  OK  [0m] Started Nameserver information manager.
[[0;32m  OK  [0m] Started LVM2 metadata daemon.
[[0;32m  OK  [0m] Started File System Check Daemon to report status.
         Starting Remount Root and Kernel File Systems...
[   24.521244] EXT4-fs (sda1): re-mounted. Opts: (null)
         Starting Apply Kernel Variables...
         Mounting FUSE Control File System...
         Starting Create Static Device Nodes in /dev...
[[0;32m  OK  [0m] Mounted FUSE Control File System.
[[0;32m  OK  [0m] Started Remount Root and Kernel File Systems.
[[0;32m  OK  [0m] Started Apply Kernel Variables.
[[0;32m  OK  [0m] Started Monitoring of LVM2 mirrors,...ng dmeventd or progress polling.
[[0;32m  OK  [0m] Started Create Static Device Nodes in /dev.
         Starting udev Kernel Device Manager...
         Starting udev Coldplug all Devices...
         Starting Flush Journal to Persistent Storage...
         Starting Load/Save Random Seed...
[[0;32m  OK  [0m] Reached target Local File Systems (Pre).
[[0;32m  OK  [0m] Reached target Local File Systems.
         Starting Set console font and keymap...
         Starting Tell Plymouth To Write Out Runtime Data...
         Starting Initial cloud-init job (pre-networking)...
         Starting LSB: AppArmor initialization...
         Starting Commit a transient machine-id on disk...
[[0;32m  OK  [0m] Started udev Kernel Device Manager.
[[0;32m  OK  [0m] Started Load/Save Random Seed.
[[0;32m  OK  [0m] Started Tell Plymouth To Write Out Runtime Data.
[[0;32m  OK  [0m] Started Commit a transient machine-id on disk.
[[0;32m  OK  [0m] Started Flush Journal to Persistent Storage.
         Starting Create Volatile Files and Directories...
[[0;32m  OK  [0m] Started udev Coldplug all Devices.
[[0;32m  OK  [0m] Started Dispatch Password Requests to Console Directory Watch.
[[0;32m  OK  [0m] Started Create Volatile Files and Directories.
         Starting Update UTMP about System Boot/Shutdown...
[[0;32m  OK  [0m] Started Update UTMP about System Boot/Shutdown.
[[0;32m  OK  [0m] Found device /dev/ttyS0.
[[0;32m  OK  [0m] Listening on Load/Save RF Kill Switch Status /dev/rfkill Watch.
[[0;32m  OK  [0m] Started LSB: AppArmor initialization.
         Starting Load AppArmor profiles managed internally by snapd...[   30.805395] 
[[0;32m  OK  [0m] Started Initial cloud-init job (pre-networking).
[[0;32m  OK  [0m] Reached target Network (Pre).
         Starting Raise network interfaces...
cloud-init[518]: Cloud-init v. 21.1-19-gbad84ad4-0ubuntu1~16.04.2 running 'init-local' at Sun, 21 Sep 2025 09:08:38 +0000. Up 29.23 seconds.[[0;32m  OK  [0m
] Started Load AppArmor profiles managed internally by snapd.
[[0;32m  OK  [0m] Started Set console font and keymap.
[[0;32m  OK  [0m] Created slice system-getty.slice.
[[0;32m  OK  [0m] Started Raise network interfaces.
[[0;32m  OK  [0m] Reached target Network.
         Starting Initial cloud-init job (metadata service crawler)...
[   34.561800] cloud-init[995]: Cloud-init v. 21.1-19-gbad84ad4-0ubuntu1~16.04.2 running 'init' at Sun, 21 Sep 2025 09:08:42 +0000. Up 33.16 seconds.
[   34.641453] cloud-init[995]: ci-info: ++++++++++++++++++++++++++++++++++++++Net device info+++++++++++++++++++++++++++++++++++++++
[   34.713538] cloud-init[995]: ci-info: +--------+-------+----------------------------+---------------+--------+-------------------+[
[   34.791818] [0;32m  OK  [0m] cloud-init[995]: ci-info: | Device |   Up  |          Address           |      Mask     | Scope  |     Hw-Address    |Started Initial cloud-init job (metadata service crawler).
[
[0;32m  OK  [0m[   34.832698] cloud-init] Reached target Network is Online.[995]: ci-info: +--------+-------+----------------------------+---------------+--------+-------------------+
         
[   34.890364] cloud-init[995]: ci-info: | enp0s3 |  True |         10.0.2.15          | 255.255.255.0 | global | 02:be:82:6b:cc:1d |Starting iSCSI initiator daemon (iscsid)...

[[   34.928974] cloud-init[0;32m  OK  [0m] Reached target System Initialization.[995]: 
[[0;32m  OK  [0mci-info: | enp0s3 |  True | fe80::be:82ff:fe6b:cc1d/64 |       .       |  link  | 02:be:82:6b:cc:1d |] Started Message of the Day.
[
[   34.978049] [0;32m  OK  [0mcloud-init] Listening on D-Bus System Message Bus Socket.[995]: 
[ci-info: | enp0s8 | False |             .              |       .       |   .    | 08:00:27:04:2a:95 |[0;32m  OK  [0m] Started Ubuntu Advantage update messaging.

[   35.038573] [[0;32m  OK  [0mcloud-init[995]: ci-info: |   lo   |  True |         127.0.0.1          |   255.0.0.0   |  host  |         .         |] Started Daily Cleanup of Temporary Directories.
[[0;32m  OK  [0m] Listening on ACPID Listen Socket.
[   35.087918] 
cloud-init[995]: ci-info: |   lo   |  True |          ::1/128           |       .       |  host  |         .         |
         Starting LXD - unix socket.
[   35.160765] [cloud-init[995]: [0;32m  OK  [0m] ci-info: +--------+-------+----------------------------+---------------+--------+-------------------+Started Daily apt download activities.
[
[   35.202402] [0;32m  OK  [0mcloud-init[995]: ] Started Daily apt upgrade and clean activities.ci-info: +++++++++++++++++++++++++++Route IPv4 info++++++++++++++++++++++++++++
[[0;32m  OK  [0m
[   35.247621] ] Listening on UUID daemon activation socket.
[[0;32m  OK  [0mcloud-init[995]: ci-info: +-------+-------------+----------+---------------+-----------+-------+] Reached target Timers.
         
Starting Socket activation for snappy daemon.
[   35.305171] cloud-init[995]: ci-info: | Route | Destination | Gateway  |    Genmask    | Interface | Flags |[[0;32m  OK  [0m
[   35.327707] ] Started ACPI Events Check.cloud-init
[[995]: ci-info: +-------+-------------+----------+---------------+-----------+-------+[0;32m  OK  [0m] 
[   35.378749] Reached target Paths.
[cloud-init[0;32m  OK  [0m] Reached target Cloud-config availability.[995]: ci-info: |   0   |   0.0.0.0   | 10.0.2.2 |    0.0.0.0    |   enp0s3  |   UG  |

[   35.443753] [[0;32m  OK  [0mcloud-init[995]: ] Listening on LXD - unix socket.ci-info: |   1   |   10.0.2.0  | 0.0.0.0  | 255.255.255.0 |   enp0s3  |   U   |
[[0;32m  OK  [0m
] Listening on Socket activation for snappy daemon.[   35.499874] 
[cloud-init[995]: ci-info: +-------+-------------+----------+---------------+-----------+-------+[0;32m  OK  [0m] Started iSCSI initiator daemon (iscsid).
[   35.527807] 
         cloud-initStarting Login to default iSCSI targets...
[[0;32m  OK  [0m] Reached target Sockets.
[[0;32m  OK  [0m[995]: ci-info: +++++++++++++++++++Route IPv6 info+++++++++++++++++++] Reached target Basic System.

[   35.621254] cloud-init[995]: ci-info: +-------+-------------+---------+-----------+-------+[[0;32m  OK  [0m
[   35.647676] ] Started Regular background program processing daemon.cloud-init
         [995]: ci-info: | Route | Destination | Gateway | Interface | Flags |Starting /etc/rc.local Compatibility...
         Starting Login Service...

[[0;32m  OK  [0m[   35.760785] cloud-init] Started ACPI event daemon.
[[995]: [0;32m  OK  [0m] Started FUSE filesystem for LXC.
[ci-info: +-------+-------------+---------+-----------+-------+[0;32m  OK  [0m] Started D-Bus System Message Bus.

[   35.989885] cloud-init[995]: ci-info: |   0   |  fe80::/64  |    ::   |   enp0s3  |   U   |
[   36.038189] cloud-init[995]: ci-info: |   3   |   ff00::/8  |    ::   |   enp0s3  |   U   |
[   36.088058] cloud-init[995]: ci-info: +-------+-------------+---------+-----------+-------+
         Starting LSB: MD monitoring daemon...[   36.130799] 
         cloud-initStarting Accounts Service...
[995]: [Generating public/private rsa key pair.[0;32m  OK  [0m] Started Deferred execution scheduler.
         Starting System Logging Service...
         Starting Pollinate to seed the pseudo random number generator...
         Starting Virtualbox guest utils...
         Starting LSB: Record successful boot for GRUB...
         Starting Snap Daemon...
         Starting LXD - container startup/shutdown...
[[0;32m  OK  [0m] Started /etc/rc.local Compatibility.

[[0;32m  OK  [0m] Started Login Service.
[[   36.783316] [0;32m  OK  [0m] Started Unattended Upgrades Shutdown.
cloud-init[995]: [[0;32m  OK  [0m] Started System Logging Service.
[[0;32m  OK  [0m] Started Login to default iSCSI targets.
Your identification has been saved in /etc/ssh/ssh_host_rsa_key.[[0;32m  OK  [0m] Reached target Remote File Systems (Pre).
[[0;32m  OK  [0m] Reached target Remote File Systems.
         Starting LSB: daemon to balance interrupts for SMP systems...
         Starting LSB: Set the CPU Frequency Scaling governor to "ondemand"...
         Starting Permit User Sessions...
[   37.486579] 
         Starting LSB: automatic crash report generation...
[[0;32m  OK  [0m] Started LSB: MD monitoring daemon.
[[0;32m  OK  [0m] Started Permit User Sessions.
         Starting Hold until boot process finishes up...
         cloud-initStarting Terminate Plymouth Boot Screen...
[[995]: Your public key has been saved in /etc/ssh/ssh_host_rsa_key.pub.[0;32m  OK  [0m] Started Hold until boot process finishes up.
[[0;32m  OK  [0m] Started Terminate Plymouth Boot Screen.
[[0;32m  OK  [0m] Started Serial Getty on ttyS0.
         Starting Set console scheme...
[[0;32m  OK  [0m] Started Getty on tty1.

[[0;32m  OK  [0m] Reached target Login Prompts.
[[0;32m  OK  [0m] Started LSB: Record successful boot for GRUB.
[   38.047542] cloud-init[[0;32m  OK  [0m[995]: The key fingerprint is:] Started Set console scheme.

[[0;32m  OK  [0m] Started LSB: Set the CPU Frequency Scaling governor to "ondemand".
[   38.346421] cloud-init         Starting Authenticate and Authorize Users to Run Privileged Tasks...
[995]: SHA256:YZ5+CSqqwjhIcfPvoTRYq0JHZih50VygJCCEYLibxx4 root@ubuntu-xenial[[0;32m  OK  [0m] Started LSB: daemon to balance interrupts for SMP systems.

[   38.832698] cloud-init[995]: The key's randomart image is:
[[0;32m  OK  [0m] Started Authenticate and Authorize Users to Run Privileged Tasks.
[[0;32m  OK  [0m] Started Accounts Service.
[   39.081850] cloud-init[[995]: [0;32m  OK  [0m] Started LSB: automatic crash report generation.
+---[RSA 2048]----+
[   39.483605] cloud-init[995]: |@o.o.o.          |
[   39.634918] cloud-init[995]: |=o..o            |
[   39.824856] cloud-init[995]: | oo.    o        |
[[   40.044784] cloud-init[0;32m  OK  [0m] Started LXD - container startup/shutdown.[995]: 
|+o.*   o o       |
[   40.171630] cloud-init[995]: |.=* o.  S        |
[   40.335387] [[0;32m  OK  [0m] Started Virtualbox guest utils.cloud-init
[995]: |ooE.o..o . .     |
[   40.459814] cloud-init[995]: |*o.o.+o.. o      |
[   40.706158] cloud-init[995]: |=o..o.o...       |
[   40.829163] cloud-init[995]: |ooo. ...         |
[   40.959679] cloud-init[995]: +----[SHA256]-----+
[   41.086253] cloud-init[995]: Generating public/private dsa key pair.
[   41.202191] cloud-init[995]: Your identification has been saved in /etc/ssh/ssh_host_dsa_key.
[   41.331025] cloud-init[995]: Your public key has been saved in /etc/ssh/ssh_host_dsa_key.pub.
[   41.388385] cloud-init[995]: The key fingerprint is:
[   41.456390] cloud-init[995]: SHA256:Im6WJVixPAEK+mIZSn+jSMua68/KbGfTaDcm+mJ/F70 root@ubuntu-xenial
[   41.618434] cloud-init[995]: The key's randomart image is:
[   41.693391] cloud-init[995]: +---[DSA 1024]----+
[   41.814882] cloud-init[995]: |. ..o            |
[   41.928745] cloud-init[995]: |o. . +           |
[   42.007904] cloud-init[995]: |oo  =            |
[   42.052644] cloud-init[995]: |o.+o .           |
[   42.136399] cloud-init[995]: |o+o.ooo S        |
[   42.238726] cloud-init[995]: |+.o.o=.o .       |
[   42.340938] cloud-init[[0;32m  OK  [0m[995]: ] Started Pollinate to seed the pseudo random number generator.| + .B   . .      |
         Starting OpenBSD Secure Shell server...

[   42.551391] cloud-init[995]: |+=.X * . E       |
[   42.629294] cloud-init[995]: |BB@=* o          |
[   42.725879] [[0;32m  OK  [0mcloud-init] Started OpenBSD Secure Shell server.
[995]: +----[SHA256]-----+
[   42.832843] cloud-init[995]: Generating public/private ecdsa key pair.
[   43.039535] cloud-init[995]: Your identification has been saved in /etc/ssh/ssh_host_ecdsa_key.
[   43.252753] cloud-init[995]: Your public key has been saved in /etc/ssh/ssh_host_ecdsa_key.pub.
[   43.441404] cloud-init[995]: The key fingerprint is:
[   43.565396] cloud-init[995]: SHA256:zzmaOrl0/RpAUfODv/0K3SF9pgAOE42RgYpmceJMjm0 root@ubuntu-xenial
[   43.679327] cloud-init[995]: The key's randomart image is:
[   43.876360] cloud-init[995]: +---[ECDSA 256]---+
[   43.973081] cloud-init
[995]: |       .=Bo      |Ubun
[   44.062773] tcloud-init[995]: u |  + . . oo.+     |
16.0[   44.172553] cloud-init4.7[995]: | B = .  + o o    | LT
S [   44.308650] cloud-init[995]: ubuntu-xenial |. E .  . + o ..  |ttyS0

[   44.391380] 
cloud-init[995]: ubuntu-xenial | +      S . o. oo|
login: [   44.480523] cloud-init[995]: |         = . =.+o|
[   44.537287] cloud-init[995]: |      ... B o + .|
[   44.585234] cloud-init[995]: |     .o. o + . . |
[   44.644486] cloud-init[995]: |      o+o ... ...|
[   44.723810] cloud-init[995]: +----[SHA256]-----+
[   44.787716] cloud-init[995]: Generating public/private ed25519 key pair.
[   44.852827] cloud-init[995]: Your identification has been saved in /etc/ssh/ssh_host_ed25519_key.
[   44.921273] cloud-init[995]: Your public key has been saved in /etc/ssh/ssh_host_ed25519_key.pub.
[   45.038884] cloud-init[995]: The key fingerprint is:
[   45.245634] cloud-init[995]: SHA256:5iTIZN9xrqrzMiWOaUXNaqfFNMLnqpAi4ycFvh35jtQ root@ubuntu-xenial
[   45.357757] cloud-init[995]: The key's randomart image is:
[   45.471798] cloud-init[995]: +--[ED25519 256]--+
[   45.585823] cloud-init[995]: |                 |
[   45.648534] cloud-init[995]: |                 |
[   45.729193] cloud-init[995]: |   .oo  . .      |
[   45.959021] cloud-init[995]: | . ++o*. +       |
[   46.030777] cloud-init[995]: |. ..+Bo.S .      |
[   46.121530] cloud-init[995]: | o +* *= .       |
[   46.421044] cloud-init[995]: |* +BoE  o        |
[   46.587231] cloud-init[995]: |+==oO. .         |
[   46.613991] cloud-init[995]: | o+ooBo          |
[   46.740728] cloud-init[995]: +----[SHA256]-----+
[   56.122880] cloud-init[1515]: Generating locales (this might take a while)...
[   60.968344] cloud-init[1515]:   en_US.UTF-8... done
[   61.034869] cloud-init[1515]: Generation complete.
[   62.577867] cloud-init[1515]: Cloud-init v. 21.1-19-gbad84ad4-0ubuntu1~16.04.2 running 'modules:config' at Sun, 21 Sep 2025 09:09:05 +0000. Up 55.62 seconds.
ci-info: no authorized SSH keys fingerprints found for user ubuntu.
<14>Sep 21 09:09:13 ec2: 
<14>Sep 21 09:09:13 ec2: #############################################################
<14>Sep 21 09:09:13 ec2: -----BEGIN SSH HOST KEY FINGERPRINTS-----
<14>Sep 21 09:09:13 ec2: 1024 SHA256:Im6WJVixPAEK+mIZSn+jSMua68/KbGfTaDcm+mJ/F70 root@ubuntu-xenial (DSA)
<14>Sep 21 09:09:13 ec2: 256 SHA256:zzmaOrl0/RpAUfODv/0K3SF9pgAOE42RgYpmceJMjm0 root@ubuntu-xenial (ECDSA)
<14>Sep 21 09:09:13 ec2: 256 SHA256:5iTIZN9xrqrzMiWOaUXNaqfFNMLnqpAi4ycFvh35jtQ root@ubuntu-xenial (ED25519)
<14>Sep 21 09:09:13 ec2: 2048 SHA256:YZ5+CSqqwjhIcfPvoTRYq0JHZih50VygJCCEYLibxx4 root@ubuntu-xenial (RSA)
<14>Sep 21 09:09:13 ec2: -----END SSH HOST KEY FINGERPRINTS-----
<14>Sep 21 09:09:13 ec2: #############################################################
-----BEGIN SSH HOST KEY KEYS-----
ecdsa-sha2-nistp256 AAAAE2VjZHNhLXNoYTItbmlzdHAyNTYAAAAIbmlzdHAyNTYAAABBBJbxGT0xh2NZyNM0Vvw9066yYFa8b7GAM5mvaPjY0FzDCBFauacQU9Us75YQrtmbMlAlhGx2QylPNzrW7sT01fk= root@ubuntu-xenial
ssh-ed25519 AAAAC3NzaC1lZDI1NTE5AAAAIPFFbK0S3u/NeAqzG1ibl/3baY/SvFURcfPSZUhkuacK root@ubuntu-xenial
ssh-rsa AAAAB3NzaC1yc2EAAAADAQABAAABAQDjbTBB4JYV4ObPlamdwPMZC5LxjFhFW11U+A/gadx+Ntb7pDfJ/6FtQAy8h1+J0w3+g5rKZ1R3jwI2wSWKd4kJb7txbV8Jw3FC6s75o1gqfs3SwJokLBCPxreJfzCuM931tOJEI8l2UUAhN1lfkxGDUQBz5iFAPk697Q3r86b3kJaVRmPbA7hfPG2baZtrBPKfFpVAnnUdOGeGNed0z5DfYXj3UT1BVY//DtZb7JKBp7U/mcld7Um2vX44EO5080b1s4DEtu4TjwL9xtY+5KbdJFPkgVDSFE6Cbn8Y5wNuWvxS0cxN/jQsPMDzjRL9PyGL+FMVCSeGCA9Kgvf8PvVX root@ubuntu-xenial
-----END SSH HOST KEY KEYS-----
[   63.699304] cloud-init[1717]: Cloud-init v. 21.1-19-gbad84ad4-0ubuntu1~16.04.2 running 'modules:final' at Sun, 21 Sep 2025 09:09:12 +0000. Up 63.22 seconds.
[   63.753662] cloud-init[1717]: ci-info: no authorized SSH keys fingerprints found for user ubuntu.
[   63.783217] cloud-init[1717]: Cloud-init v. 21.1-19-gbad84ad4-0ubuntu1~16.04.2 finished at Sun, 21 Sep 2025 09:09:13 +0000. Datasource DataSourceNoCloud [seed=/dev/sdb][dsmode=net].  Up 63.67 seconds
